<?xml version="1.0" encoding="UTF-8"?>
<!-- Generated by org.testng.reporters.JUnitReportReporter -->
<testsuite skipped="0" hostname="IND-SEN-LP-011" name="org.mypackage.com.CookieData" tests="1" failures="0" timestamp="2020-01-16T17:58:14 IST" time="6.442" errors="0">
  <testcase name="Data" time="6.442" classname="org.mypackage.com.CookieData"/>
</testsuite> <!-- org.mypackage.com.CookieData -->
