<?xml version="1.0" encoding="UTF-8"?>
<!-- Generated by org.testng.reporters.JUnitReportReporter -->
<testsuite skipped="0" hostname="IND-SEN-LP-011" name="org.mypackage.com.MyClass" tests="1" failures="0" timestamp="2020-01-13T21:54:32 IST" time="33.613" errors="0">
  <testcase name="MYtest" time="33.613" classname="org.mypackage.com.MyClass"/>
</testsuite> <!-- org.mypackage.com.MyClass -->
