<?xml version="1.0" encoding="UTF-8"?>
<!-- Generated by org.testng.reporters.JUnitReportReporter -->
<testsuite skipped="0" hostname="IND-SEN-LP-011" name="org.mypackage.com.Sikuli" tests="1" failures="0" timestamp="2020-01-15T10:56:48 IST" time="13.530" errors="0">
  <testcase name="mycode" time="13.530" classname="org.mypackage.com.Sikuli"/>
</testsuite> <!-- org.mypackage.com.Sikuli -->
