<?xml version="1.0" encoding="UTF-8"?>
<!-- Generated by org.testng.reporters.JUnitReportReporter -->
<testsuite skipped="0" hostname="IND-SEN-LP-011" name="org.mypackage.com.CookieRead" tests="1" failures="0" timestamp="2020-01-16T17:50:53 IST" time="8.431" errors="0">
  <testcase name="cookie" time="8.431" classname="org.mypackage.com.CookieRead"/>
</testsuite> <!-- org.mypackage.com.CookieRead -->
