<?xml version="1.0" encoding="UTF-8"?>
<!-- Generated by org.testng.reporters.JUnitReportReporter -->
<testsuite skipped="0" hostname="IND-SEN-LP-011" name="org.mypackage.com.AutoIT" tests="1" failures="0" timestamp="2020-01-15T18:10:32 IST" time="8.988" errors="0">
  <testcase name="FileUpload" time="8.988" classname="org.mypackage.com.AutoIT"/>
</testsuite> <!-- org.mypackage.com.AutoIT -->
