<?xml version="1.0" encoding="UTF-8"?>
<!-- Generated by org.testng.reporters.JUnitReportReporter -->
<testsuite skipped="0" hostname="IND-SEN-LP-011" name="org.mypackage.com.ExplicitDatePicker" tests="1" failures="0" timestamp="2020-01-13T22:46:06 IST" time="15.424" errors="0">
  <testcase name="datepickeranexplicitWait" time="15.424" classname="org.mypackage.com.ExplicitDatePicker"/>
</testsuite> <!-- org.mypackage.com.ExplicitDatePicker -->
