<?xml version="1.0" encoding="UTF-8"?>
<!-- Generated by org.testng.reporters.JUnitReportReporter -->
<testsuite skipped="0" hostname="brickwin-Compaq-Presario-CQ40-Notebook-PC" name="org.project.com.WriteDatapropFile" tests="1" failures="0" timestamp="2019-11-28T22:33:17 IST" time="0.092" errors="0">
  <testcase name="writeDataPropFile" time="0.092" classname="org.project.com.WriteDatapropFile"/>
</testsuite> <!-- org.project.com.WriteDatapropFile -->
