<?xml version="1.0" encoding="UTF-8"?>
<!-- Generated by org.testng.reporters.JUnitReportReporter -->
<testsuite skipped="0" hostname="brickwin-Compaq-Presario-CQ40-Notebook-PC" name="org.project.com.ReadDataXls" tests="1" failures="0" timestamp="2019-11-28T22:35:04 IST" time="2.799" errors="0">
  <testcase name="projectP" time="2.799" classname="org.project.com.ReadDataXls"/>
</testsuite> <!-- org.project.com.ReadDataXls -->
