<?xml version="1.0" encoding="UTF-8"?>
<!-- Generated by org.testng.reporters.JUnitReportReporter -->
<testsuite skipped="0" hostname="brickwin-Compaq-Presario-CQ40-Notebook-PC" name="org.project.com.TC01" tests="1" failures="0" timestamp="2019-11-28T22:33:16 IST" time="28.416" errors="0">
  <testcase name="testCase01" time="28.416" classname="org.project.com.TC01"/>
</testsuite> <!-- org.project.com.TC01 -->
