<?xml version="1.0" encoding="UTF-8"?>
<!-- Generated by org.testng.reporters.JUnitReportReporter -->
<testsuite skipped="0" hostname="brickwin-Compaq-Presario-CQ40-Notebook-PC" name="org.project.com.FacebookTest" tests="1" failures="0" timestamp="2019-11-28T22:33:17 IST" time="17.506" errors="0">
  <testcase name="SignUp" time="17.506" classname="org.project.com.FacebookTest"/>
</testsuite> <!-- org.project.com.FacebookTest -->
