<?xml version="1.0" encoding="UTF-8"?>
<!-- Generated by org.testng.reporters.JUnitReportReporter -->
<testsuite skipped="0" hostname="brickwin-Compaq-Presario-CQ40-Notebook-PC" name="org.project.com.ReadDataPropFile" tests="1" failures="0" timestamp="2019-11-28T22:33:17 IST" time="0.128" errors="0">
  <testcase name="readData" time="0.128" classname="org.project.com.ReadDataPropFile"/>
</testsuite> <!-- org.project.com.ReadDataPropFile -->
